This file contains any messages produced by compilers while
running configure, to aid debugging if configure makes a mistake.

It was created by hypre configure 2.9.0b, which was
generated by GNU Autoconf 2.63.  Invocation command line was

  $ ./configure --prefix=/home/mark/warp3d/warp3d-dev/linux_packages --with-openmp --with-blas --with-lapack --with-blas-lib-dirs=/opt/intel/composer_xe_2013_sp1.0.080/mkl/lib/intel64 --with-blas-libs=mkl_intel_lp64 mkl_core mkl_intel_sequential --with-lapack-lib-dirs=/opt/intel/composer_xe_2013_sp1.0.080/mkl/lib/intel64 --with-lapack-libs=mkl_intel_lp64 mkl_core mkl_intel_sequential

## --------- ##
## Platform. ##
## --------- ##

hostname = neuromancer
uname -m = x86_64
uname -r = 3.11.0-12-generic
uname -s = Linux
uname -v = #19-Ubuntu SMP Wed Oct 9 16:20:46 UTC 2013

/usr/bin/uname -p = unknown
/bin/uname -X     = unknown

/bin/arch              = unknown
/usr/bin/arch -k       = unknown
/usr/convex/getsysinfo = unknown
/usr/bin/hostinfo      = unknown
/bin/machine           = unknown
/usr/bin/oslevel       = unknown
/bin/universe          = unknown

PATH: /opt/intel/inspector_xe_2013/bin64
PATH: /opt/intel/vtune_amplifier_xe_2013/bin64
PATH: /opt/intel/impi/4.1.1.036/intel64/bin
PATH: /opt/intel/composer_xe_2013_sp1.0.080/bin/intel64
PATH: /opt/intel/composer_xe_2013_sp1.0.080/mpirt/bin/intel64
PATH: /opt/intel/composer_xe_2013_sp1.0.080/debugger/gdb/intel64_mic/py27/bin
PATH: /opt/intel/composer_xe_2013_sp1.0.080/debugger/gdb/intel64/py27/bin
PATH: /opt/intel/composer_xe_2013_sp1.0.080/bin/intel64
PATH: /opt/intel/composer_xe_2013_sp1.0.080/bin/intel64_mic
PATH: /opt/intel/composer_xe_2013_sp1.0.080/debugger/gui/intel64
PATH: /opt/intel/impi/4.1.1.036/intel64/bin
PATH: /usr/lib/lightdm/lightdm
PATH: /usr/local/sbin
PATH: /usr/local/bin
PATH: /usr/sbin
PATH: /usr/bin
PATH: /sbin
PATH: /bin
PATH: /usr/games
PATH: /usr/local/games
PATH: /home/mark/bin
PATH: /opt/cubit-13.1


## ----------- ##
## Core tests. ##
## ----------- ##

configure:2078: checking build system type
configure:2096: result: x86_64-unknown-linux-gnu
configure:2122: checking host system type
configure:2137: result: x86_64-unknown-linux-gnu
configure:3429: checking whether make sets $(MAKE)
configure:3451: result: yes
configure:3503: checking for ranlib
configure:3519: found /usr/bin/ranlib
configure:3530: result: ranlib
configure:3603: checking for gcc
configure:3630: result: mpiicc
configure:3862: checking for C compiler version
configure:3870: mpiicc --version >&5
icc (ICC) 14.0.0 20130728
Copyright (C) 1985-2013 Intel Corporation.  All rights reserved.

configure:3874: $? = 0
configure:3881: mpiicc -v >&5
mpiicc for the Intel(R) MPI Library 4.1 for Linux*
Copyright(C) 2003-2013, Intel Corporation.  All rights reserved.
icc version 14.0.0 (gcc version 4.8.0 compatibility)
configure:3885: $? = 0
configure:3892: mpiicc -V >&5
Intel(R) C Intel(R) 64 Compiler XE for applications running on Intel(R) 64, Version 14.0.0.080 Build 20130728
Copyright (C) 1985-2013 Intel Corporation.  All rights reserved.
FOR NON-COMMERCIAL USE ONLY

configure:3896: $? = 0
configure:3919: checking for C compiler default output file name
configure:3941: mpiicc -openmp -O3 -ip -mt_mpi -D_GNU_SOURCE -I/opt/intel/composer_xe_2013_sp1.0.080/mkl/include  -lpthread -lm conftest.c  >&5
icc: warning #10315: specifying -lm before files may supersede the Intel(R) math library and affect performance
configure:3945: $? = 0
configure:3983: result: a.out
configure:4002: checking whether the C compiler works
configure:4012: ./a.out
configure:4016: $? = 0
configure:4035: result: yes
configure:4042: checking whether we are cross compiling
configure:4044: result: no
configure:4047: checking for suffix of executables
configure:4054: mpiicc -o conftest -openmp -O3 -ip -mt_mpi -D_GNU_SOURCE -I/opt/intel/composer_xe_2013_sp1.0.080/mkl/include  -lpthread -lm conftest.c  >&5
icc: warning #10315: specifying -lm before files may supersede the Intel(R) math library and affect performance
configure:4058: $? = 0
configure:4084: result: 
configure:4090: checking for suffix of object files
configure:4116: mpiicc -c -openmp -O3 -ip -mt_mpi -D_GNU_SOURCE -I/opt/intel/composer_xe_2013_sp1.0.080/mkl/include  conftest.c >&5
configure:4120: $? = 0
configure:4145: result: o
configure:4149: checking whether we are using the GNU C compiler
configure:4178: mpiicc -c -openmp -O3 -ip -mt_mpi -D_GNU_SOURCE -I/opt/intel/composer_xe_2013_sp1.0.080/mkl/include  conftest.c >&5
configure:4185: $? = 0
configure:4202: result: yes
configure:4211: checking whether mpiicc accepts -g
configure:4241: mpiicc -c -g  conftest.c >&5
configure:4248: $? = 0
configure:4349: result: yes
configure:4366: checking for mpiicc option to accept ISO C89
configure:4440: mpiicc  -c -openmp -O3 -ip -mt_mpi -D_GNU_SOURCE -I/opt/intel/composer_xe_2013_sp1.0.080/mkl/include  conftest.c >&5
configure:4447: $? = 0
configure:4470: result: none needed
configure:4604: checking for C++ compiler version
configure:4612: mpiicpc --version >&5
icpc (ICC) 14.0.0 20130728
Copyright (C) 1985-2013 Intel Corporation.  All rights reserved.

configure:4616: $? = 0
configure:4623: mpiicpc -v >&5
mpiicpc for the Intel(R) MPI Library 4.1 for Linux*
Copyright(C) 2003-2013, Intel Corporation.  All rights reserved.
icpc version 14.0.0 (gcc version 4.8.0 compatibility)
configure:4627: $? = 0
configure:4634: mpiicpc -V >&5
Intel(R) C++ Intel(R) 64 Compiler XE for applications running on Intel(R) 64, Version 14.0.0.080 Build 20130728
Copyright (C) 1985-2013 Intel Corporation.  All rights reserved.
FOR NON-COMMERCIAL USE ONLY

configure:4638: $? = 0
configure:4641: checking whether we are using the GNU C++ compiler
configure:4670: mpiicpc -c -openmp -O3 -ip -mt_mpi -D_GNU_SOURCE -I/opt/intel/composer_xe_2013_sp1.0.080/mkl/include  conftest.cpp >&5
configure:4677: $? = 0
configure:4694: result: yes
configure:4703: checking whether mpiicpc accepts -g
configure:4733: mpiicpc -c -g  conftest.cpp >&5
configure:4740: $? = 0
configure:4841: result: yes
configure:4974: checking for Fortran 77 compiler version
configure:4982: mpiifort --version >&5
ifort (IFORT) 14.0.0 20130728
Copyright (C) 1985-2013 Intel Corporation.  All rights reserved.

configure:4986: $? = 0
configure:4993: mpiifort -v >&5
mpiifort for the Intel(R) MPI Library 4.1 for Linux*
Copyright(C) 2003-2013, Intel Corporation.  All rights reserved.
ifort version 14.0.0
configure:4997: $? = 0
configure:5004: mpiifort -V >&5
Intel(R) Fortran Intel(R) 64 Compiler XE for applications running on Intel(R) 64, Version 14.0.0.080 Build 20130728
Copyright (C) 1985-2013 Intel Corporation.  All rights reserved.
FOR NON-COMMERCIAL USE ONLY

configure:5008: $? = 0
configure:5016: checking whether we are using the GNU Fortran 77 compiler
configure:5035: mpiifort -c -openmp -O3 -ip -mt_mpi -D_GNU_SOURCE -I/opt/intel/composer_xe_2013_sp1.0.080/mkl/include conftest.F >&5
conftest.F(3): error #5082: Syntax error, found END-OF-STATEMENT when expecting one of: ( % [ : . = =>
       choke me
---------------^
conftest.F(3): error #6218: This statement is positioned incorrectly and/or has syntax errors.
       choke me
---------------^
compilation aborted for conftest.F (code 1)
configure:5042: $? = 1
configure: failed program was:
|       program main
| #ifndef __GNUC__
|        choke me
| #endif
| 
|       end
configure:5059: result: no
configure:5065: checking whether mpiifort accepts -g
configure:5082: mpiifort -c -g conftest.f >&5
configure:5089: $? = 0
configure:5105: result: yes
configure:5139: checking how to get verbose linking output from mpiifort
configure:5155: mpiifort -c -openmp -O3 -ip -mt_mpi -D_GNU_SOURCE -I/opt/intel/composer_xe_2013_sp1.0.080/mkl/include conftest.f >&5
configure:5162: $? = 0
configure:5184: mpiifort -o conftest -openmp -O3 -ip -mt_mpi -D_GNU_SOURCE -I/opt/intel/composer_xe_2013_sp1.0.080/mkl/include -v -lpthread -lm conftest.f
mpiifort for the Intel(R) MPI Library 4.1 for Linux*
Copyright(C) 2003-2013, Intel Corporation.  All rights reserved.
ifort: warning #10315: specifying -lm before files may supersede the Intel(R) math library and affect performance
ifort version 14.0.0
/opt/intel/composer_xe_2013_sp1.0.080/bin/intel64/fortcom    -D__INTEL_COMPILER=1400 -D__INTEL_COMPILER_UPDATE=0 -D__unix__ -D__unix -D__linux__ -D__linux -D__gnu_linux__ -Dunix -Dlinux -D__ELF__ -D__x86_64 -D__x86_64__ -D_MT -D__INTEL_COMPILER_BUILD_DATE=20130728 -D_OPENMP=201107 -D__INTEL_OFFLOAD -D__i686 -D__i686__ -D__pentiumpro -D__pentiumpro__ -D__pentium4 -D__pentium4__ -D__tune_pentium4__ -D__SSE2__ -D__SSE__ -D__MMX__ -mGLOB_pack_sort_init_list -I. -I/opt/intel/composer_xe_2013_sp1.0.080/mkl/include -I/opt/intel/impi/4.1.1.036/intel64/include -I/opt/intel/impi/4.1.1.036/intel64/include -I/opt/intel/composer_xe_2013_sp1.0.080/mkl/include -I/opt/intel/composer_xe_2013_sp1.0.080/mkl/include -I/opt/intel/composer_xe_2013_sp1.0.080/tbb/include -I/opt/intel/composer_xe_2013_sp1.0.080/compiler/include/intel64 -I/opt/intel/composer_xe_2013_sp1.0.080/compiler/include -I/usr/local/include -I/usr/lib/gcc/x86_64-linux-gnu/4.8/include -I/usr/lib/gcc/x86_64-linux-gnu/4.8/include-fixed -I/usr/include -I/usr/include/x86_64-linux-gnu -automatic -D_GNU_SOURCE -omp -omp_simd -omp_offload -O3 "-reentrancy threaded" -simd -offload_host -mP1OPT_version=14.0-intel64 -mGLOB_diag_file=/tmp/ifortf19prC.diag -mGLOB_source_language=GLOB_SOURCE_LANGUAGE_F90 -mP2OPT_static_promotion -mP1OPT_print_version=FALSE -mCG_use_gas_got_workaround=F -mP2OPT_align_option_used=TRUE -mGLOB_gcc_version=480 "-mGLOB_options_string=-I/opt/intel/composer_xe_2013_sp1.0.080/mkl/include -I/opt/intel/impi/4.1.1.036/intel64/include -I/opt/intel/impi/4.1.1.036/intel64/include -o conftest -openmp -O3 -ip -D_GNU_SOURCE -v -lpthread -lm -L/opt/intel/impi/4.1.1.036/intel64/lib -Xlinker --enable-new-dtags -Xlinker -rpath -Xlinker /opt/intel/impi/4.1.1.036/intel64/lib -Xlinker -rpath -Xlinker /opt/intel/mpi-rt/4.1 -lmpigf -lmpi_mt -lmpigi -ldl -lrt -lpthread" -mGLOB_cxx_limited_range=FALSE -mCG_extend_parms=FALSE -mGLOB_compiler_bin_directory=/opt/intel/composer_xe_2013_sp1.0.080/bin/intel64 -mGLOB_as_output_backup_file_name=/tmp/ifortLfsN3mas_.s -mIPOPT_activate -mGLOB_em64t -mGLOB_instruction_tuning=0x0 -mGLOB_product_id_code=0x22006d90 -mCG_bnl_movbe=T -mGLOB_extended_instructions=0x8 -mP3OPT_use_mspp_call_convention -mP2OPT_subs_out_of_bound=FALSE -mGLOB_ansi_alias -mPGOPTI_value_profile_use=T -mPAROPT_openmp=TRUE -mP2OPT_il0_array_sections=TRUE -mGLOB_offload_mode=1 -mP2OPT_offload_unique_var_string=ifort1962658305ULALTR -mGLOB_opt_level=3 -mP2OPT_hlo_level=3 -mP2OPT_hlo -mP2OPT_hpo_rtt_control=0 -mIPOPT_args_in_regs=0 -mP2OPT_disam_assume_nonstd_intent_in=FALSE -mGLOB_imf_mapping_library=/opt/intel/composer_xe_2013_sp1.0.080/bin/intel64/libiml_attr.so -mIPOPT_obj_output_file_name=/tmp/ifortf19prC.o -mIPOPT_whole_archive_fixup_file_name=/tmp/ifortwarchpCUIJ3 -mGLOB_linker_version=2.23.52.20130913 -mGLOB_long_size_64 -mGLOB_routine_pointer_size_64 -mGLOB_driver_tempfile_name=/tmp/iforttempfilemqR65q -mP3OPT_asm_target=P3OPT_ASM_TARGET_GAS -mGLOB_async_unwind_tables=TRUE -mGLOB_obj_output_file=/tmp/ifortf19prC.o -mGLOB_source_dialect=GLOB_SOURCE_DIALECT_FORTRAN -mP1OPT_source_file_name=conftest.f -mP2OPT_symtab_type_copy=true conftest.f
#include "..." search starts here:
#include <...> search starts here:
 .
 /opt/intel/composer_xe_2013_sp1.0.080/mkl/include
 /opt/intel/impi/4.1.1.036/intel64/include
 /opt/intel/impi/4.1.1.036/intel64/include
 /opt/intel/composer_xe_2013_sp1.0.080/mkl/include
 /opt/intel/composer_xe_2013_sp1.0.080/mkl/include
 /opt/intel/composer_xe_2013_sp1.0.080/tbb/include
 /opt/intel/composer_xe_2013_sp1.0.080/compiler/include/intel64
 /opt/intel/composer_xe_2013_sp1.0.080/compiler/include
 /usr/local/include
 /usr/lib/gcc/x86_64-linux-gnu/4.8/include
 /usr/lib/gcc/x86_64-linux-gnu/4.8/include-fixed
 /usr/include
 /usr/include/x86_64-linux-gnu
End of search list.
ld    /usr/lib/gcc/x86_64-linux-gnu/4.8/../../../x86_64-linux-gnu/crt1.o /usr/lib/gcc/x86_64-linux-gnu/4.8/../../../x86_64-linux-gnu/crti.o /usr/lib/gcc/x86_64-linux-gnu/4.8/crtbegin.o --eh-frame-hdr --build-id -dynamic-linker /lib64/ld-linux-x86-64.so.2 -L/opt/intel/impi/4.1.1.036/intel64/lib -o conftest /opt/intel/composer_xe_2013_sp1.0.080/compiler/lib/intel64/for_main.o -L/opt/intel/composer_xe_2013_sp1.0.080/compiler/lib/intel64 -L/opt/intel/composer_xe_2013_sp1.0.080/mkl/lib/intel64 -L/opt/intel/composer_xe_2013_sp1.0.080/compiler/lib/intel64 -L/opt/intel/composer_xe_2013_sp1.0.080/ipp/../compiler/lib/intel64 -L/opt/intel/composer_xe_2013_sp1.0.080/ipp/lib/intel64 -L/opt/intel/composer_xe_2013_sp1.0.080/compiler/lib/intel64 -L/opt/intel/composer_xe_2013_sp1.0.080/mkl/lib/intel64 -L/opt/intel/composer_xe_2013_sp1.0.080/tbb/lib/intel64/gcc4.4 -L/home/mark/warp3d/warp3d-dev/linux_packages/lib -L/opt/intel/composer_xe_2013_sp1.0.080/compiler/lib/intel64 -L/home/mark/warp3d/warp3d-dev/linux_packages/lib/../lib/ -L/usr/lib/gcc/x86_64-linux-gnu/4.8/ -L/usr/lib/gcc/x86_64-linux-gnu/4.8/../../../x86_64-linux-gnu/ -L/usr/lib/gcc/x86_64-linux-gnu/4.8/../../../../lib/ -L/lib/x86_64-linux-gnu/ -L/lib/../lib64 -L/lib/../lib/ -L/usr/lib/x86_64-linux-gnu/ -L/usr/lib/../lib/ -L/opt/intel/composer_xe_2013_sp1.0.080/compiler/lib/intel64/ -L/opt/intel/composer_xe_2013_sp1.0.080/mkl/lib/intel64/ -L/opt/intel/composer_xe_2013_sp1.0.080/ipp/../compiler/lib/intel64/ -L/opt/intel/composer_xe_2013_sp1.0.080/ipp/lib/intel64/ -L/opt/intel/composer_xe_2013_sp1.0.080/tbb/lib/intel64/gcc4.4/ -L/home/mark/warp3d/warp3d-dev/linux_packages/lib/ -L/usr/lib/gcc/x86_64-linux-gnu/4.8/../../../ -L/lib64 -L/lib/ -L/usr/lib -L/usr/lib/i386-linux-gnu -lpthread -L/opt/intel/composer_xe_2013_sp1.0.080/compiler/lib/intel64 -Bstatic -limf -Bdynamic -lm /tmp/ifortf19prC.o --enable-new-dtags -rpath /opt/intel/impi/4.1.1.036/intel64/lib -rpath /opt/intel/mpi-rt/4.1 -lmpigf -lmpi_mt -lmpigi -ldl -lrt -lpthread -Bstatic -lifport -lifcoremt -limf -lsvml -Bdynamic -lm -Bstatic -lipgo -Bdynamic -liomp5 -Bstatic -lirc -Bdynamic -lpthread -Bstatic -lsvml -Bdynamic -lc -lgcc -lgcc_s -Bstatic -lirc_s -Bdynamic -ldl -lc /usr/lib/gcc/x86_64-linux-gnu/4.8/crtend.o /usr/lib/gcc/x86_64-linux-gnu/4.8/../../../x86_64-linux-gnu/crtn.o
configure:5253: result: -v
configure:5255: checking for Fortran 77 libraries of mpiifort
configure:5278: mpiifort -o conftest -openmp -O3 -ip -mt_mpi -D_GNU_SOURCE -I/opt/intel/composer_xe_2013_sp1.0.080/mkl/include -v -lpthread -lm conftest.f
mpiifort for the Intel(R) MPI Library 4.1 for Linux*
Copyright(C) 2003-2013, Intel Corporation.  All rights reserved.
ifort: warning #10315: specifying -lm before files may supersede the Intel(R) math library and affect performance
ifort version 14.0.0
/opt/intel/composer_xe_2013_sp1.0.080/bin/intel64/fortcom    -D__INTEL_COMPILER=1400 -D__INTEL_COMPILER_UPDATE=0 -D__unix__ -D__unix -D__linux__ -D__linux -D__gnu_linux__ -Dunix -Dlinux -D__ELF__ -D__x86_64 -D__x86_64__ -D_MT -D__INTEL_COMPILER_BUILD_DATE=20130728 -D_OPENMP=201107 -D__INTEL_OFFLOAD -D__i686 -D__i686__ -D__pentiumpro -D__pentiumpro__ -D__pentium4 -D__pentium4__ -D__tune_pentium4__ -D__SSE2__ -D__SSE__ -D__MMX__ -mGLOB_pack_sort_init_list -I. -I/opt/intel/composer_xe_2013_sp1.0.080/mkl/include -I/opt/intel/impi/4.1.1.036/intel64/include -I/opt/intel/impi/4.1.1.036/intel64/include -I/opt/intel/composer_xe_2013_sp1.0.080/mkl/include -I/opt/intel/composer_xe_2013_sp1.0.080/mkl/include -I/opt/intel/composer_xe_2013_sp1.0.080/tbb/include -I/opt/intel/composer_xe_2013_sp1.0.080/compiler/include/intel64 -I/opt/intel/composer_xe_2013_sp1.0.080/compiler/include -I/usr/local/include -I/usr/lib/gcc/x86_64-linux-gnu/4.8/include -I/usr/lib/gcc/x86_64-linux-gnu/4.8/include-fixed -I/usr/include -I/usr/include/x86_64-linux-gnu -automatic -D_GNU_SOURCE -omp -omp_simd -omp_offload -O3 "-reentrancy threaded" -simd -offload_host -mP1OPT_version=14.0-intel64 -mGLOB_diag_file=/tmp/ifort59WIpQ.diag -mGLOB_source_language=GLOB_SOURCE_LANGUAGE_F90 -mP2OPT_static_promotion -mP1OPT_print_version=FALSE -mCG_use_gas_got_workaround=F -mP2OPT_align_option_used=TRUE -mGLOB_gcc_version=480 "-mGLOB_options_string=-I/opt/intel/composer_xe_2013_sp1.0.080/mkl/include -I/opt/intel/impi/4.1.1.036/intel64/include -I/opt/intel/impi/4.1.1.036/intel64/include -o conftest -openmp -O3 -ip -D_GNU_SOURCE -v -lpthread -lm -L/opt/intel/impi/4.1.1.036/intel64/lib -Xlinker --enable-new-dtags -Xlinker -rpath -Xlinker /opt/intel/impi/4.1.1.036/intel64/lib -Xlinker -rpath -Xlinker /opt/intel/mpi-rt/4.1 -lmpigf -lmpi_mt -lmpigi -ldl -lrt -lpthread" -mGLOB_cxx_limited_range=FALSE -mCG_extend_parms=FALSE -mGLOB_compiler_bin_directory=/opt/intel/composer_xe_2013_sp1.0.080/bin/intel64 -mGLOB_as_output_backup_file_name=/tmp/ifortILbmdDas_.s -mIPOPT_activate -mGLOB_em64t -mGLOB_instruction_tuning=0x0 -mGLOB_product_id_code=0x22006d90 -mCG_bnl_movbe=T -mGLOB_extended_instructions=0x8 -mP3OPT_use_mspp_call_convention -mP2OPT_subs_out_of_bound=FALSE -mGLOB_ansi_alias -mPGOPTI_value_profile_use=T -mPAROPT_openmp=TRUE -mP2OPT_il0_array_sections=TRUE -mGLOB_offload_mode=1 -mP2OPT_offload_unique_var_string=ifort408352674sJRMH3 -mGLOB_opt_level=3 -mP2OPT_hlo_level=3 -mP2OPT_hlo -mP2OPT_hpo_rtt_control=0 -mIPOPT_args_in_regs=0 -mP2OPT_disam_assume_nonstd_intent_in=FALSE -mGLOB_imf_mapping_library=/opt/intel/composer_xe_2013_sp1.0.080/bin/intel64/libiml_attr.so -mIPOPT_obj_output_file_name=/tmp/ifort59WIpQ.o -mIPOPT_whole_archive_fixup_file_name=/tmp/ifortwarchm1oark -mGLOB_linker_version=2.23.52.20130913 -mGLOB_long_size_64 -mGLOB_routine_pointer_size_64 -mGLOB_driver_tempfile_name=/tmp/iforttempfileAQPhTI -mP3OPT_asm_target=P3OPT_ASM_TARGET_GAS -mGLOB_async_unwind_tables=TRUE -mGLOB_obj_output_file=/tmp/ifort59WIpQ.o -mGLOB_source_dialect=GLOB_SOURCE_DIALECT_FORTRAN -mP1OPT_source_file_name=conftest.f -mP2OPT_symtab_type_copy=true conftest.f
#include "..." search starts here:
#include <...> search starts here:
 .
 /opt/intel/composer_xe_2013_sp1.0.080/mkl/include
 /opt/intel/impi/4.1.1.036/intel64/include
 /opt/intel/impi/4.1.1.036/intel64/include
 /opt/intel/composer_xe_2013_sp1.0.080/mkl/include
 /opt/intel/composer_xe_2013_sp1.0.080/mkl/include
 /opt/intel/composer_xe_2013_sp1.0.080/tbb/include
 /opt/intel/composer_xe_2013_sp1.0.080/compiler/include/intel64
 /opt/intel/composer_xe_2013_sp1.0.080/compiler/include
 /usr/local/include
 /usr/lib/gcc/x86_64-linux-gnu/4.8/include
 /usr/lib/gcc/x86_64-linux-gnu/4.8/include-fixed
 /usr/include
 /usr/include/x86_64-linux-gnu
End of search list.
ld    /usr/lib/gcc/x86_64-linux-gnu/4.8/../../../x86_64-linux-gnu/crt1.o /usr/lib/gcc/x86_64-linux-gnu/4.8/../../../x86_64-linux-gnu/crti.o /usr/lib/gcc/x86_64-linux-gnu/4.8/crtbegin.o --eh-frame-hdr --build-id -dynamic-linker /lib64/ld-linux-x86-64.so.2 -L/opt/intel/impi/4.1.1.036/intel64/lib -o conftest /opt/intel/composer_xe_2013_sp1.0.080/compiler/lib/intel64/for_main.o -L/opt/intel/composer_xe_2013_sp1.0.080/compiler/lib/intel64 -L/opt/intel/composer_xe_2013_sp1.0.080/mkl/lib/intel64 -L/opt/intel/composer_xe_2013_sp1.0.080/compiler/lib/intel64 -L/opt/intel/composer_xe_2013_sp1.0.080/ipp/../compiler/lib/intel64 -L/opt/intel/composer_xe_2013_sp1.0.080/ipp/lib/intel64 -L/opt/intel/composer_xe_2013_sp1.0.080/compiler/lib/intel64 -L/opt/intel/composer_xe_2013_sp1.0.080/mkl/lib/intel64 -L/opt/intel/composer_xe_2013_sp1.0.080/tbb/lib/intel64/gcc4.4 -L/home/mark/warp3d/warp3d-dev/linux_packages/lib -L/opt/intel/composer_xe_2013_sp1.0.080/compiler/lib/intel64 -L/home/mark/warp3d/warp3d-dev/linux_packages/lib/../lib/ -L/usr/lib/gcc/x86_64-linux-gnu/4.8/ -L/usr/lib/gcc/x86_64-linux-gnu/4.8/../../../x86_64-linux-gnu/ -L/usr/lib/gcc/x86_64-linux-gnu/4.8/../../../../lib/ -L/lib/x86_64-linux-gnu/ -L/lib/../lib64 -L/lib/../lib/ -L/usr/lib/x86_64-linux-gnu/ -L/usr/lib/../lib/ -L/opt/intel/composer_xe_2013_sp1.0.080/compiler/lib/intel64/ -L/opt/intel/composer_xe_2013_sp1.0.080/mkl/lib/intel64/ -L/opt/intel/composer_xe_2013_sp1.0.080/ipp/../compiler/lib/intel64/ -L/opt/intel/composer_xe_2013_sp1.0.080/ipp/lib/intel64/ -L/opt/intel/composer_xe_2013_sp1.0.080/tbb/lib/intel64/gcc4.4/ -L/home/mark/warp3d/warp3d-dev/linux_packages/lib/ -L/usr/lib/gcc/x86_64-linux-gnu/4.8/../../../ -L/lib64 -L/lib/ -L/usr/lib -L/usr/lib/i386-linux-gnu -lpthread -L/opt/intel/composer_xe_2013_sp1.0.080/compiler/lib/intel64 -Bstatic -limf -Bdynamic -lm /tmp/ifort59WIpQ.o --enable-new-dtags -rpath /opt/intel/impi/4.1.1.036/intel64/lib -rpath /opt/intel/mpi-rt/4.1 -lmpigf -lmpi_mt -lmpigi -ldl -lrt -lpthread -Bstatic -lifport -lifcoremt -limf -lsvml -Bdynamic -lm -Bstatic -lipgo -Bdynamic -liomp5 -Bstatic -lirc -Bdynamic -lpthread -Bstatic -lsvml -Bdynamic -lc -lgcc -lgcc_s -Bstatic -lirc_s -Bdynamic -ldl -lc /usr/lib/gcc/x86_64-linux-gnu/4.8/crtend.o /usr/lib/gcc/x86_64-linux-gnu/4.8/../../../x86_64-linux-gnu/crtn.o
configure:5455: result:  -lm -L/opt/intel/impi/4.1.1.036/intel64/lib -L/opt/intel/composer_xe_2013_sp1.0.080/compiler/lib/intel64 -L/opt/intel/composer_xe_2013_sp1.0.080/mkl/lib/intel64 -L/opt/intel/composer_xe_2013_sp1.0.080/ipp/../compiler/lib/intel64 -L/opt/intel/composer_xe_2013_sp1.0.080/ipp/lib/intel64 -L/opt/intel/composer_xe_2013_sp1.0.080/tbb/lib/intel64/gcc4.4 -L/home/mark/warp3d/warp3d-dev/linux_packages/lib -L/home/mark/warp3d/warp3d-dev/linux_packages/lib/../lib/ -L/usr/lib/gcc/x86_64-linux-gnu/4.8/ -L/usr/lib/gcc/x86_64-linux-gnu/4.8/../../../x86_64-linux-gnu/ -L/usr/lib/gcc/x86_64-linux-gnu/4.8/../../../../lib/ -L/lib/x86_64-linux-gnu/ -L/lib/../lib64 -L/lib/../lib/ -L/usr/lib/x86_64-linux-gnu/ -L/usr/lib/../lib/ -L/opt/intel/composer_xe_2013_sp1.0.080/compiler/lib/intel64/ -L/opt/intel/composer_xe_2013_sp1.0.080/mkl/lib/intel64/ -L/opt/intel/composer_xe_2013_sp1.0.080/ipp/../compiler/lib/intel64/ -L/opt/intel/composer_xe_2013_sp1.0.080/ipp/lib/intel64/ -L/opt/intel/composer_xe_2013_sp1.0.080/tbb/lib/intel64/gcc4.4/ -L/home/mark/warp3d/warp3d-dev/linux_packages/lib/ -L/usr/lib/gcc/x86_64-linux-gnu/4.8/../../../ -L/lib64 -L/lib/ -L/usr/lib -L/usr/lib/i386-linux-gnu -lpthread -limf -lmpigf -lmpi_mt -lmpigi -ldl -lrt -lifport -lifcoremt -lsvml -lipgo -liomp5 -lirc -lirc_s
configure:5472: checking for dummy main to link with Fortran 77 libraries
configure:5516: mpiicc -o conftest -openmp -O3 -ip -mt_mpi -D_GNU_SOURCE -I/opt/intel/composer_xe_2013_sp1.0.080/mkl/include  -lpthread -lm conftest.c   -lm -L/opt/intel/impi/4.1.1.036/intel64/lib -L/opt/intel/composer_xe_2013_sp1.0.080/compiler/lib/intel64 -L/opt/intel/composer_xe_2013_sp1.0.080/mkl/lib/intel64 -L/opt/intel/composer_xe_2013_sp1.0.080/ipp/../compiler/lib/intel64 -L/opt/intel/composer_xe_2013_sp1.0.080/ipp/lib/intel64 -L/opt/intel/composer_xe_2013_sp1.0.080/tbb/lib/intel64/gcc4.4 -L/home/mark/warp3d/warp3d-dev/linux_packages/lib -L/home/mark/warp3d/warp3d-dev/linux_packages/lib/../lib/ -L/usr/lib/gcc/x86_64-linux-gnu/4.8/ -L/usr/lib/gcc/x86_64-linux-gnu/4.8/../../../x86_64-linux-gnu/ -L/usr/lib/gcc/x86_64-linux-gnu/4.8/../../../../lib/ -L/lib/x86_64-linux-gnu/ -L/lib/../lib64 -L/lib/../lib/ -L/usr/lib/x86_64-linux-gnu/ -L/usr/lib/../lib/ -L/opt/intel/composer_xe_2013_sp1.0.080/compiler/lib/intel64/ -L/opt/intel/composer_xe_2013_sp1.0.080/mkl/lib/intel64/ -L/opt/intel/composer_xe_2013_sp1.0.080/ipp/../compiler/lib/intel64/ -L/opt/intel/composer_xe_2013_sp1.0.080/ipp/lib/intel64/ -L/opt/intel/composer_xe_2013_sp1.0.080/tbb/lib/intel64/gcc4.4/ -L/home/mark/warp3d/warp3d-dev/linux_packages/lib/ -L/usr/lib/gcc/x86_64-linux-gnu/4.8/../../../ -L/lib64 -L/lib/ -L/usr/lib -L/usr/lib/i386-linux-gnu -lpthread -limf -lmpigf -lmpi_mt -lmpigi -ldl -lrt -lifport -lifcoremt -lsvml -lipgo -liomp5 -lirc -lirc_s >&5
icc: warning #10315: specifying -lm before files may supersede the Intel(R) math library and affect performance
configure:5523: $? = 0
configure:5611: result: none
configure:5650: checking for Fortran 77 name-mangling scheme
configure:5669: mpiifort -c -openmp -O3 -ip -mt_mpi -D_GNU_SOURCE -I/opt/intel/composer_xe_2013_sp1.0.080/mkl/include conftest.f >&5
configure:5676: $? = 0
configure:5731: mpiicc -o conftest -openmp -O3 -ip -mt_mpi -D_GNU_SOURCE -I/opt/intel/composer_xe_2013_sp1.0.080/mkl/include  -lpthread -lm conftest.c cfortran_test.o   -lm -L/opt/intel/impi/4.1.1.036/intel64/lib -L/opt/intel/composer_xe_2013_sp1.0.080/compiler/lib/intel64 -L/opt/intel/composer_xe_2013_sp1.0.080/mkl/lib/intel64 -L/opt/intel/composer_xe_2013_sp1.0.080/ipp/../compiler/lib/intel64 -L/opt/intel/composer_xe_2013_sp1.0.080/ipp/lib/intel64 -L/opt/intel/composer_xe_2013_sp1.0.080/tbb/lib/intel64/gcc4.4 -L/home/mark/warp3d/warp3d-dev/linux_packages/lib -L/home/mark/warp3d/warp3d-dev/linux_packages/lib/../lib/ -L/usr/lib/gcc/x86_64-linux-gnu/4.8/ -L/usr/lib/gcc/x86_64-linux-gnu/4.8/../../../x86_64-linux-gnu/ -L/usr/lib/gcc/x86_64-linux-gnu/4.8/../../../../lib/ -L/lib/x86_64-linux-gnu/ -L/lib/../lib64 -L/lib/../lib/ -L/usr/lib/x86_64-linux-gnu/ -L/usr/lib/../lib/ -L/opt/intel/composer_xe_2013_sp1.0.080/compiler/lib/intel64/ -L/opt/intel/composer_xe_2013_sp1.0.080/mkl/lib/intel64/ -L/opt/intel/composer_xe_2013_sp1.0.080/ipp/../compiler/lib/intel64/ -L/opt/intel/composer_xe_2013_sp1.0.080/ipp/lib/intel64/ -L/opt/intel/composer_xe_2013_sp1.0.080/tbb/lib/intel64/gcc4.4/ -L/home/mark/warp3d/warp3d-dev/linux_packages/lib/ -L/usr/lib/gcc/x86_64-linux-gnu/4.8/../../../ -L/lib64 -L/lib/ -L/usr/lib -L/usr/lib/i386-linux-gnu -lpthread -limf -lmpigf -lmpi_mt -lmpigi -ldl -lrt -lifport -lifcoremt -lsvml -lipgo -liomp5 -lirc -lirc_s >&5
icc: warning #10315: specifying -lm before files may supersede the Intel(R) math library and affect performance
/tmp/iccLe7IIJ.o: In function `main':
conftest.c:(.text+0x42): undefined reference to `foobar'
configure:5738: $? = 1
configure: failed program was:
| /* confdefs.h.  */
| #define PACKAGE_NAME "hypre"
| #define PACKAGE_TARNAME "hypre"
| #define PACKAGE_VERSION "2.9.0b"
| #define PACKAGE_STRING "hypre 2.9.0b"
| #define PACKAGE_BUGREPORT ""
| #define HYPRE_RELEASE_NAME "hypre"
| #define HYPRE_RELEASE_VERSION "2.9.0b"
| #define HYPRE_RELEASE_DATE "2012/10/30"
| #define HYPRE_RELEASE_TIME "00:00:00"
| #define HYPRE_RELEASE_BUGS "hypre-support@llnl.gov"
| #define HYPRE_FMANGLE 0
| #define HYPRE_FMANGLE_BLAS 0
| #define HYPRE_FMANGLE_LAPACK 0
| #define HYPRE_USING_OPENMP 1
| /* end confdefs.h.  */
| 
| /* Override any GCC internal prototype to avoid an error.
|    Use char because int might match the return type of a GCC
|    builtin and then its argument prototype would still apply.  */
| #ifdef __cplusplus
| extern "C"
| #endif
| char foobar ();
| #ifdef F77_DUMMY_MAIN
| 
| #  ifdef __cplusplus
|      extern "C"
| #  endif
|    int F77_DUMMY_MAIN() { return 1; }
| 
| #endif
| int
| main ()
| {
| return foobar ();
|   ;
|   return 0;
| }
configure:5731: mpiicc -o conftest -openmp -O3 -ip -mt_mpi -D_GNU_SOURCE -I/opt/intel/composer_xe_2013_sp1.0.080/mkl/include  -lpthread -lm conftest.c cfortran_test.o   -lm -L/opt/intel/impi/4.1.1.036/intel64/lib -L/opt/intel/composer_xe_2013_sp1.0.080/compiler/lib/intel64 -L/opt/intel/composer_xe_2013_sp1.0.080/mkl/lib/intel64 -L/opt/intel/composer_xe_2013_sp1.0.080/ipp/../compiler/lib/intel64 -L/opt/intel/composer_xe_2013_sp1.0.080/ipp/lib/intel64 -L/opt/intel/composer_xe_2013_sp1.0.080/tbb/lib/intel64/gcc4.4 -L/home/mark/warp3d/warp3d-dev/linux_packages/lib -L/home/mark/warp3d/warp3d-dev/linux_packages/lib/../lib/ -L/usr/lib/gcc/x86_64-linux-gnu/4.8/ -L/usr/lib/gcc/x86_64-linux-gnu/4.8/../../../x86_64-linux-gnu/ -L/usr/lib/gcc/x86_64-linux-gnu/4.8/../../../../lib/ -L/lib/x86_64-linux-gnu/ -L/lib/../lib64 -L/lib/../lib/ -L/usr/lib/x86_64-linux-gnu/ -L/usr/lib/../lib/ -L/opt/intel/composer_xe_2013_sp1.0.080/compiler/lib/intel64/ -L/opt/intel/composer_xe_2013_sp1.0.080/mkl/lib/intel64/ -L/opt/intel/composer_xe_2013_sp1.0.080/ipp/../compiler/lib/intel64/ -L/opt/intel/composer_xe_2013_sp1.0.080/ipp/lib/intel64/ -L/opt/intel/composer_xe_2013_sp1.0.080/tbb/lib/intel64/gcc4.4/ -L/home/mark/warp3d/warp3d-dev/linux_packages/lib/ -L/usr/lib/gcc/x86_64-linux-gnu/4.8/../../../ -L/lib64 -L/lib/ -L/usr/lib -L/usr/lib/i386-linux-gnu -lpthread -limf -lmpigf -lmpi_mt -lmpigi -ldl -lrt -lifport -lifcoremt -lsvml -lipgo -liomp5 -lirc -lirc_s >&5
icc: warning #10315: specifying -lm before files may supersede the Intel(R) math library and affect performance
configure:5738: $? = 0
configure:5820: mpiicc -o conftest -openmp -O3 -ip -mt_mpi -D_GNU_SOURCE -I/opt/intel/composer_xe_2013_sp1.0.080/mkl/include  -lpthread -lm conftest.c cfortran_test.o   -lm -L/opt/intel/impi/4.1.1.036/intel64/lib -L/opt/intel/composer_xe_2013_sp1.0.080/compiler/lib/intel64 -L/opt/intel/composer_xe_2013_sp1.0.080/mkl/lib/intel64 -L/opt/intel/composer_xe_2013_sp1.0.080/ipp/../compiler/lib/intel64 -L/opt/intel/composer_xe_2013_sp1.0.080/ipp/lib/intel64 -L/opt/intel/composer_xe_2013_sp1.0.080/tbb/lib/intel64/gcc4.4 -L/home/mark/warp3d/warp3d-dev/linux_packages/lib -L/home/mark/warp3d/warp3d-dev/linux_packages/lib/../lib/ -L/usr/lib/gcc/x86_64-linux-gnu/4.8/ -L/usr/lib/gcc/x86_64-linux-gnu/4.8/../../../x86_64-linux-gnu/ -L/usr/lib/gcc/x86_64-linux-gnu/4.8/../../../../lib/ -L/lib/x86_64-linux-gnu/ -L/lib/../lib64 -L/lib/../lib/ -L/usr/lib/x86_64-linux-gnu/ -L/usr/lib/../lib/ -L/opt/intel/composer_xe_2013_sp1.0.080/compiler/lib/intel64/ -L/opt/intel/composer_xe_2013_sp1.0.080/mkl/lib/intel64/ -L/opt/intel/composer_xe_2013_sp1.0.080/ipp/../compiler/lib/intel64/ -L/opt/intel/composer_xe_2013_sp1.0.080/ipp/lib/intel64/ -L/opt/intel/composer_xe_2013_sp1.0.080/tbb/lib/intel64/gcc4.4/ -L/home/mark/warp3d/warp3d-dev/linux_packages/lib/ -L/usr/lib/gcc/x86_64-linux-gnu/4.8/../../../ -L/lib64 -L/lib/ -L/usr/lib -L/usr/lib/i386-linux-gnu -lpthread -limf -lmpigf -lmpi_mt -lmpigi -ldl -lrt -lifport -lifcoremt -lsvml -lipgo -liomp5 -lirc -lirc_s >&5
icc: warning #10315: specifying -lm before files may supersede the Intel(R) math library and affect performance
configure:5827: $? = 0
configure:5890: result: lower case, underscore, no extra underscore
configure:6002: checking for MPI_Init
configure:6066: mpiicc -o conftest -openmp -O3 -ip -mt_mpi -D_GNU_SOURCE -I/opt/intel/composer_xe_2013_sp1.0.080/mkl/include  -lpthread -lm conftest.c  >&5
icc: warning #10315: specifying -lm before files may supersede the Intel(R) math library and affect performance
configure:6073: $? = 0
configure:6093: result: yes
configure:6262: checking for mpi.h
configure:6293: mpiicc -c -openmp -O3 -ip -mt_mpi -D_GNU_SOURCE -I/opt/intel/composer_xe_2013_sp1.0.080/mkl/include  conftest.c >&5
configure:6300: $? = 0
configure:6305: result: yes
configure:6339: checking for MPI_Comm_f2c
configure:6403: mpiicc -o conftest -openmp -O3 -ip -mt_mpi -D_GNU_SOURCE -I/opt/intel/composer_xe_2013_sp1.0.080/mkl/include  -lpthread -lm conftest.c    >&5
icc: warning #10315: specifying -lm before files may supersede the Intel(R) math library and affect performance
/tmp/iccetOoob.o: In function `main':
conftest.c:(.text+0x42): undefined reference to `MPI_Comm_f2c'
configure:6410: $? = 1
configure: failed program was:
| /* confdefs.h.  */
| #define PACKAGE_NAME "hypre"
| #define PACKAGE_TARNAME "hypre"
| #define PACKAGE_VERSION "2.9.0b"
| #define PACKAGE_STRING "hypre 2.9.0b"
| #define PACKAGE_BUGREPORT ""
| #define HYPRE_RELEASE_NAME "hypre"
| #define HYPRE_RELEASE_VERSION "2.9.0b"
| #define HYPRE_RELEASE_DATE "2012/10/30"
| #define HYPRE_RELEASE_TIME "00:00:00"
| #define HYPRE_RELEASE_BUGS "hypre-support@llnl.gov"
| #define HYPRE_FMANGLE 0
| #define HYPRE_FMANGLE_BLAS 0
| #define HYPRE_FMANGLE_LAPACK 0
| #define HYPRE_USING_OPENMP 1
| #define F77_FUNC(name,NAME) name ## _
| #define F77_FUNC_(name,NAME) name ## _
| #define HYPRE_HAVE_MPI 1
| /* end confdefs.h.  */
| /* Define MPI_Comm_f2c to an innocuous variant, in case <limits.h> declares MPI_Comm_f2c.
|    For example, HP-UX 11i <limits.h> declares gettimeofday.  */
| #define MPI_Comm_f2c innocuous_MPI_Comm_f2c
| 
| /* System header to define __stub macros and hopefully few prototypes,
|     which can conflict with char MPI_Comm_f2c (); below.
|     Prefer <limits.h> to <assert.h> if __STDC__ is defined, since
|     <limits.h> exists even on freestanding compilers.  */
| 
| #ifdef __STDC__
| # include <limits.h>
| #else
| # include <assert.h>
| #endif
| 
| #undef MPI_Comm_f2c
| 
| /* Override any GCC internal prototype to avoid an error.
|    Use char because int might match the return type of a GCC
|    builtin and then its argument prototype would still apply.  */
| #ifdef __cplusplus
| extern "C"
| #endif
| char MPI_Comm_f2c ();
| /* The GNU C library defines this for functions which it implements
|     to always fail with ENOSYS.  Some functions are actually named
|     something starting with __ and the normal name is an alias.  */
| #if defined __stub_MPI_Comm_f2c || defined __stub___MPI_Comm_f2c
| choke me
| #endif
| 
| #ifdef F77_DUMMY_MAIN
| 
| #  ifdef __cplusplus
|      extern "C"
| #  endif
|    int F77_DUMMY_MAIN() { return 1; }
| 
| #endif
| int
| main ()
| {
| return MPI_Comm_f2c ();
|   ;
|   return 0;
| }
configure:6432: result: no
configure:6974: checking for __gxx_personality_v0 in -lstdc++
configure:7017: mpiicc -o conftest -openmp -O3 -ip -mt_mpi -D_GNU_SOURCE -I/opt/intel/composer_xe_2013_sp1.0.080/mkl/include  -lpthread -lm conftest.c -lstdc++     >&5
icc: warning #10315: specifying -lm before files may supersede the Intel(R) math library and affect performance
configure:7024: $? = 0
configure:7045: result: yes
configure:7352: checking for cabs in -lm
configure:7395: mpiicc -o conftest -openmp -O3 -ip -mt_mpi -D_GNU_SOURCE -I/opt/intel/composer_xe_2013_sp1.0.080/mkl/include  -lpthread -lm conftest.c -lm     -lstdc++ >&5
icc: warning #10315: specifying -lm before files may supersede the Intel(R) math library and affect performance
configure:7402: $? = 0
configure:7423: result: yes
configure:7438: checking the hostname
configure:7449: result: neuromancer
configure:7453: checking the architecture
configure:7484: result: LINUX
configure:7723: creating ./config.status

## ---------------------- ##
## Running config.status. ##
## ---------------------- ##

This file was extended by hypre config.status 2.9.0b, which was
generated by GNU Autoconf 2.63.  Invocation command line was

  CONFIG_FILES    = 
  CONFIG_HEADERS  = 
  CONFIG_LINKS    = 
  CONFIG_COMMANDS = 
  $ ./config.status 

on neuromancer

config.status:794: creating config/Makefile.config
config.status:794: creating HYPRE_config.h

## ---------------- ##
## Cache variables. ##
## ---------------- ##

ac_cv_build=x86_64-unknown-linux-gnu
ac_cv_c_compiler_gnu=yes
ac_cv_cxx_compiler_gnu=yes
ac_cv_env_CCC_set=
ac_cv_env_CCC_value=
ac_cv_env_CC_set=set
ac_cv_env_CC_value=mpiicc
ac_cv_env_CFLAGS_set=set
ac_cv_env_CFLAGS_value='-openmp -O3 -ip -mt_mpi -D_GNU_SOURCE -I/opt/intel/composer_xe_2013_sp1.0.080/mkl/include'
ac_cv_env_CPPFLAGS_set=
ac_cv_env_CPPFLAGS_value=
ac_cv_env_CXXFLAGS_set=set
ac_cv_env_CXXFLAGS_value='-openmp -O3 -ip -mt_mpi -D_GNU_SOURCE -I/opt/intel/composer_xe_2013_sp1.0.080/mkl/include'
ac_cv_env_CXX_set=set
ac_cv_env_CXX_value=mpiicpc
ac_cv_env_F77_set=set
ac_cv_env_F77_value=mpiifort
ac_cv_env_FFLAGS_set=set
ac_cv_env_FFLAGS_value='-openmp -O3 -ip -mt_mpi -D_GNU_SOURCE -I/opt/intel/composer_xe_2013_sp1.0.080/mkl/include'
ac_cv_env_LDFLAGS_set=set
ac_cv_env_LDFLAGS_value='-lpthread -lm'
ac_cv_env_LIBS_set=
ac_cv_env_LIBS_value=
ac_cv_env_build_alias_set=
ac_cv_env_build_alias_value=
ac_cv_env_host_alias_set=
ac_cv_env_host_alias_value=
ac_cv_env_target_alias_set=
ac_cv_env_target_alias_value=
ac_cv_f77_compiler_gnu=no
ac_cv_f77_dummy_main=none
ac_cv_f77_libs=' -lm -L/opt/intel/impi/4.1.1.036/intel64/lib -L/opt/intel/composer_xe_2013_sp1.0.080/compiler/lib/intel64 -L/opt/intel/composer_xe_2013_sp1.0.080/mkl/lib/intel64 -L/opt/intel/composer_xe_2013_sp1.0.080/ipp/../compiler/lib/intel64 -L/opt/intel/composer_xe_2013_sp1.0.080/ipp/lib/intel64 -L/opt/intel/composer_xe_2013_sp1.0.080/tbb/lib/intel64/gcc4.4 -L/home/mark/warp3d/warp3d-dev/linux_packages/lib -L/home/mark/warp3d/warp3d-dev/linux_packages/lib/../lib/ -L/usr/lib/gcc/x86_64-linux-gnu/4.8/ -L/usr/lib/gcc/x86_64-linux-gnu/4.8/../../../x86_64-linux-gnu/ -L/usr/lib/gcc/x86_64-linux-gnu/4.8/../../../../lib/ -L/lib/x86_64-linux-gnu/ -L/lib/../lib64 -L/lib/../lib/ -L/usr/lib/x86_64-linux-gnu/ -L/usr/lib/../lib/ -L/opt/intel/composer_xe_2013_sp1.0.080/compiler/lib/intel64/ -L/opt/intel/composer_xe_2013_sp1.0.080/mkl/lib/intel64/ -L/opt/intel/composer_xe_2013_sp1.0.080/ipp/../compiler/lib/intel64/ -L/opt/intel/composer_xe_2013_sp1.0.080/ipp/lib/intel64/ -L/opt/intel/composer_xe_2013_sp1.0.080/tbb/lib/intel64/gcc4.4/ -L/home/mark/warp3d/warp3d-dev/linux_packages/lib/ -L/usr/lib/gcc/x86_64-linux-gnu/4.8/../../../ -L/lib64 -L/lib/ -L/usr/lib -L/usr/lib/i386-linux-gnu -lpthread -limf -lmpigf -lmpi_mt -lmpigi -ldl -lrt -lifport -lifcoremt -lsvml -lipgo -liomp5 -lirc -lirc_s'
ac_cv_f77_mangling='lower case, underscore, no extra underscore'
ac_cv_fortran_dummy_main=none
ac_cv_func_MPI_Comm_f2c=no
ac_cv_func_MPI_Init=yes
ac_cv_host=x86_64-unknown-linux-gnu
ac_cv_lib_m_cabs=yes
ac_cv_lib_stdcpp___gxx_personality_v0=yes
ac_cv_objext=o
ac_cv_prog_ac_ct_CC=mpiicc
ac_cv_prog_ac_ct_RANLIB=ranlib
ac_cv_prog_cc_c89=
ac_cv_prog_cc_g=yes
ac_cv_prog_cxx_g=yes
ac_cv_prog_f77_g=yes
ac_cv_prog_f77_v=-v
ac_cv_prog_make_make_set=yes

## ----------------- ##
## Output variables. ##
## ----------------- ##

AR='ar -rcu'
BABELDIR=''
BLASLIBDIRS='-L/opt/intel/composer_xe_2013_sp1.0.080/mkl/lib/intel64 '
BLASLIBS=' -lmkl_intel_lp64 -lmkl_core -lmkl_intel_sequential'
BUILD_CC_SHARED=''
BUILD_CXX_SHARED=''
BUILD_F77_SHARED=''
BUILD_JAVA='0'
BUILD_PYTHON='0'
CC='mpiicc'
CFLAGS='-openmp -O3 -ip -mt_mpi -D_GNU_SOURCE -I/opt/intel/composer_xe_2013_sp1.0.080/mkl/include'
CPPFLAGS=''
CXX='mpiicpc'
CXXFLAGS='-openmp -O3 -ip -mt_mpi -D_GNU_SOURCE -I/opt/intel/composer_xe_2013_sp1.0.080/mkl/include'
DEFS='-DHAVE_CONFIG_H'
ECHO_C=''
ECHO_N='-n'
ECHO_T=''
EXAMPLEDIR=''
EXEEXT=''
F77='mpiifort'
F77FLAGS=''
FFLAGS='-O2 -openmp'
FLIBS=' -lm -L/opt/intel/impi/4.1.1.036/intel64/lib -L/opt/intel/composer_xe_2013_sp1.0.080/compiler/lib/intel64 -L/opt/intel/composer_xe_2013_sp1.0.080/mkl/lib/intel64 -L/opt/intel/composer_xe_2013_sp1.0.080/ipp/../compiler/lib/intel64 -L/opt/intel/composer_xe_2013_sp1.0.080/ipp/lib/intel64 -L/opt/intel/composer_xe_2013_sp1.0.080/tbb/lib/intel64/gcc4.4 -L/home/mark/warp3d/warp3d-dev/linux_packages/lib -L/home/mark/warp3d/warp3d-dev/linux_packages/lib/../lib/ -L/usr/lib/gcc/x86_64-linux-gnu/4.8/ -L/usr/lib/gcc/x86_64-linux-gnu/4.8/../../../x86_64-linux-gnu/ -L/usr/lib/gcc/x86_64-linux-gnu/4.8/../../../../lib/ -L/lib/x86_64-linux-gnu/ -L/lib/../lib64 -L/lib/../lib/ -L/usr/lib/x86_64-linux-gnu/ -L/usr/lib/../lib/ -L/opt/intel/composer_xe_2013_sp1.0.080/compiler/lib/intel64/ -L/opt/intel/composer_xe_2013_sp1.0.080/mkl/lib/intel64/ -L/opt/intel/composer_xe_2013_sp1.0.080/ipp/../compiler/lib/intel64/ -L/opt/intel/composer_xe_2013_sp1.0.080/ipp/lib/intel64/ -L/opt/intel/composer_xe_2013_sp1.0.080/tbb/lib/intel64/gcc4.4/ -L/home/mark/warp3d/warp3d-dev/linux_packages/lib/ -L/usr/lib/gcc/x86_64-linux-gnu/4.8/../../../ -L/lib64 -L/lib/ -L/usr/lib -L/usr/lib/i386-linux-gnu -lpthread -limf -lmpigf -lmpi_mt -lmpigi -ldl -lrt -lifport -lifcoremt -lsvml -lipgo -liomp5 -lirc -lirc_s'
HOSTNAME='neuromancer'
HYPRE_ARCH='LINUX'
HYPRE_BLAS_SRC_DIR=''
HYPRE_BUGS='hypre-support@llnl.gov'
HYPRE_DATE='2012/10/30'
HYPRE_FEI_BASE_DIR='/home/mark/warp3d/warp3d-dev/linux_packages/source/hypre-2.9.0b/src/FEI_mv/fei-base'
HYPRE_FEI_FEMLI_FILES='/home/mark/warp3d/warp3d-dev/linux_packages/source/hypre-2.9.0b/src/FEI_mv/femli/*.o'
HYPRE_FEI_HYPRE_FILES='/home/mark/warp3d/warp3d-dev/linux_packages/source/hypre-2.9.0b/src/FEI_mv/fei-hypre/*.o'
HYPRE_FEI_SRC_DIR='/home/mark/warp3d/warp3d-dev/linux_packages/source/hypre-2.9.0b/src/FEI_mv'
HYPRE_FEI_SUBDIRS='SuperLU femli fei-hypre'
HYPRE_FEI_SUPERLU_FILES='/home/mark/warp3d/warp3d-dev/linux_packages/source/hypre-2.9.0b/src/FEI_mv/SuperLU/SRC/*.o'
HYPRE_INCINSTALL='${prefix}/include'
HYPRE_INSTALLDIR='/home/mark/warp3d/warp3d-dev/linux_packages'
HYPRE_LAPACK_SRC_DIR=''
HYPRE_LIBINSTALL='${exec_prefix}/lib'
HYPRE_LIBSUFFIX='.a'
HYPRE_NAME='hypre'
HYPRE_SRCDIR='/home/mark/warp3d/warp3d-dev/linux_packages/source/hypre-2.9.0b/src'
HYPRE_TIME='00:00:00'
HYPRE_VERSION='2.9.0b'
LAPACKLIBDIRS='-L/opt/intel/composer_xe_2013_sp1.0.080/mkl/lib/intel64 '
LAPACKLIBS=' -lmkl_intel_lp64 -lmkl_core -lmkl_intel_sequential'
LDFLAGS='-lpthread -lm'
LIBOBJS=''
LIBS='   -lstdc++ -lm'
LINK_CC='mpiicc'
LINK_CXX='mpiicpc'
LINK_F77='mpiifort'
LTLIBOBJS=''
MPIFLAGS=''
MPIINCLUDE=''
MPILIBDIRS=''
MPILIBS=' '
OBJEXT='o'
PACKAGE_BUGREPORT=''
PACKAGE_NAME=''
PACKAGE_STRING=''
PACKAGE_TARNAME=''
PACKAGE_VERSION=''
PATH_SEPARATOR=':'
PYTHON=''
RANLIB='ranlib'
SET_MAKE=''
SHARED_BUILD_FLAG=''
SHARED_COMPILE_FLAG=''
SHARED_OPTIONS=''
SHARED_SET_SONAME=''
SHELL='/bin/bash'
ac_ct_CC='mpiicc'
ac_ct_CXX=''
ac_ct_F77=''
bindir='${exec_prefix}/bin'
build='x86_64-unknown-linux-gnu'
build_alias=''
build_cpu='x86_64'
build_os='linux-gnu'
build_vendor='unknown'
datadir='${datarootdir}'
datarootdir='${prefix}/share'
docdir='${datarootdir}/doc/${PACKAGE_TARNAME}'
dvidir='${docdir}'
exec_prefix='${prefix}'
host='x86_64-unknown-linux-gnu'
host_alias=''
host_cpu='x86_64'
host_os='linux-gnu'
host_vendor='unknown'
htmldir='${docdir}'
includedir='${prefix}/include'
infodir='${datarootdir}/info'
libdir='${exec_prefix}/lib'
libexecdir='${exec_prefix}/libexec'
localedir='${datarootdir}/locale'
localstatedir='${prefix}/var'
mandir='${datarootdir}/man'
oldincludedir='/usr/include'
pdfdir='${docdir}'
prefix='/home/mark/warp3d/warp3d-dev/linux_packages'
program_transform_name='s,x,x,'
psdir='${docdir}'
sbindir='${exec_prefix}/sbin'
sharedstatedir='${prefix}/com'
subdirs=''
sysconfdir='${prefix}/etc'
target_alias=''

## ----------- ##
## confdefs.h. ##
## ----------- ##

#define PACKAGE_NAME "hypre"
#define PACKAGE_TARNAME "hypre"
#define PACKAGE_VERSION "2.9.0b"
#define PACKAGE_STRING "hypre 2.9.0b"
#define PACKAGE_BUGREPORT ""
#define HYPRE_RELEASE_NAME "hypre"
#define HYPRE_RELEASE_VERSION "2.9.0b"
#define HYPRE_RELEASE_DATE "2012/10/30"
#define HYPRE_RELEASE_TIME "00:00:00"
#define HYPRE_RELEASE_BUGS "hypre-support@llnl.gov"
#define HYPRE_FMANGLE 0
#define HYPRE_FMANGLE_BLAS 0
#define HYPRE_FMANGLE_LAPACK 0
#define HYPRE_USING_OPENMP 1
#define F77_FUNC(name,NAME) name ## _
#define F77_FUNC_(name,NAME) name ## _
#define HYPRE_HAVE_MPI 1
#define HYPRE_LINUX 1

configure: exit 0
